生成启动时间为 2016/7/31 0:28:30。
     1>项目“F:\ffmpeg_study\ffmpeg_video_audio\ffmpeg_video_audio\ffmpeg_video_audio.vcxproj”在节点 2 上(Build 个目标)。
     1>ClCompile:
         G:\Microsoft Visual Studio 12.0\VC\bin\CL.exe /c /Iinclude /ZI /nologo /W3 /WX- /Od /Oy- /D WIN32 /D _DEBUG /D _CONSOLE /D _LIB /D _UNICODE /D UNICODE /Gm /EHsc /RTC1 /MDd /GS /fp:precise /Zc:wchar_t /Zc:forScope /Yu"stdafx.h" /Fp"Debug\ffmpeg_video_audio.pch" /Fo"Debug\\" /Fd"Debug\vc120.pdb" /Gd /TP /analyze- /errorReport:prompt ffmpeg_video_audio.cpp
         ffmpeg_video_audio.cpp
     1>f:\ffmpeg_study\ffmpeg_video_audio\ffmpeg_video_audio\ffmpeg_video_audio.cpp(48): warning C4018: “<”: 有符号/无符号不匹配
     1>f:\ffmpeg_study\ffmpeg_video_audio\ffmpeg_video_audio\ffmpeg_video_audio.cpp(50): warning C4996: 'AVStream::codec': 被声明为已否决
                 f:\ffmpeg_study\ffmpeg_video_audio\ffmpeg_video_audio\include\libavformat\avformat.h(880) : 参见“AVStream::codec”的声明
     1>f:\ffmpeg_study\ffmpeg_video_audio\ffmpeg_video_audio\ffmpeg_video_audio.cpp(63): warning C4996: 'AVStream::codec': 被声明为已否决
                 f:\ffmpeg_study\ffmpeg_video_audio\ffmpeg_video_audio\include\libavformat\avformat.h(880) : 参见“AVStream::codec”的声明
     1>f:\ffmpeg_study\ffmpeg_video_audio\ffmpeg_video_audio\ffmpeg_video_audio.cpp(81): warning C4996: 'avpicture_get_size': 被声明为已否决
                 f:\ffmpeg_study\ffmpeg_video_audio\ffmpeg_video_audio\include\libavcodec\avcodec.h(5381) : 参见“avpicture_get_size”的声明
     1>f:\ffmpeg_study\ffmpeg_video_audio\ffmpeg_video_audio\ffmpeg_video_audio.cpp(82): warning C4996: 'avpicture_fill': 被声明为已否决
                 f:\ffmpeg_study\ffmpeg_video_audio\ffmpeg_video_audio\include\libavcodec\avcodec.h(5366) : 参见“avpicture_fill”的声明
     1>f:\ffmpeg_study\ffmpeg_video_audio\ffmpeg_video_audio\ffmpeg_video_audio.cpp(111): warning C4996: 'avcodec_decode_video2': 被声明为已否决
                 f:\ffmpeg_study\ffmpeg_video_audio\ffmpeg_video_audio\include\libavcodec\avcodec.h(4734) : 参见“avcodec_decode_video2”的声明
     1>f:\ffmpeg_study\ffmpeg_video_audio\ffmpeg_video_audio\ffmpeg_video_audio.cpp(133): warning C4996: 'av_free_packet': 被声明为已否决
                 f:\ffmpeg_study\ffmpeg_video_audio\ffmpeg_video_audio\include\libavcodec\avcodec.h(4395) : 参见“av_free_packet”的声明
       Link:
         G:\Microsoft Visual Studio 12.0\VC\bin\link.exe /ERRORREPORT:PROMPT /OUT:"F:\ffmpeg_study\ffmpeg_video_audio\Debug\ffmpeg_video_audio.exe" /INCREMENTAL /NOLOGO /LIBPATH:lib avcodec.lib avdevice.lib avfilter.lib avformat.lib avutil.lib postproc.lib swresample.lib swscale.lib SDL2.lib SDL2main.lib opencv_ts300d.lib opencv_world300d.lib opencv_ts300.lib opencv_world300.lib kernel32.lib user32.lib gdi32.lib winspool.lib comdlg32.lib advapi32.lib shell32.lib ole32.lib oleaut32.lib uuid.lib odbc32.lib odbccp32.lib /MANIFEST /MANIFESTUAC:"level='asInvoker' uiAccess='false'" /manifest:embed /DEBUG /PDB:"F:\ffmpeg_study\ffmpeg_video_audio\Debug\ffmpeg_video_audio.pdb" /SUBSYSTEM:CONSOLE /TLBID:1 /DYNAMICBASE /NXCOMPAT /IMPLIB:"F:\ffmpeg_study\ffmpeg_video_audio\Debug\ffmpeg_video_audio.lib" /MACHINE:X86 Debug\ffmpeg_video_audio.obj
         Debug\ffmpeg_video_audio_1.obj
         Debug\stdafx.obj
         Debug\test.obj
         ffmpeg_video_audio.vcxproj -> F:\ffmpeg_study\ffmpeg_video_audio\Debug\ffmpeg_video_audio.exe
     1>已完成生成项目“F:\ffmpeg_study\ffmpeg_video_audio\ffmpeg_video_audio\ffmpeg_video_audio.vcxproj”(Build 个目标)的操作。

生成成功。

已用时间 00:00:00.95
